<?xml version="1.0" encoding="UTF-8"?>
<testng-results ignored="0" total="1" passed="1" failed="0" skipped="0">
  <reporter-output>
  </reporter-output>
  <suite started-at="2024-06-03T20:27:44 IST" name="Default suite" finished-at="2024-06-03T20:28:02 IST" duration-ms="18315">
    <groups>
    </groups>
    <test started-at="2024-06-03T20:27:44 IST" name="Default test" finished-at="2024-06-03T20:28:02 IST" duration-ms="18315">
      <class name="report.Script02">
        <test-method signature="script2()[pri:0, instance:report.Script02@188715b5]" started-at="2024-06-03T20:27:44 IST" name="script2" finished-at="2024-06-03T20:28:02 IST" duration-ms="18202" status="PASS">
          <reporter-output>
          </reporter-output>
        </test-method> <!-- script2 -->
      </class> <!-- report.Script02 -->
    </test> <!-- Default test -->
  </suite> <!-- Default suite -->
</testng-results>
